<?xml version="1.0" encoding="UTF-8"?>
<!-- Generated by org.testng.reporters.JUnitReportReporter -->
<testsuite skipped="0" hostname="DESKTOP-3AP6MP4" name="com.qa.tutorialsninja.tests.LoginPageTest" tests="3" failures="0" timestamp="17 Nov 2021 13:33:26 GMT" time="1.737" errors="0">
  <testcase name="getTitleTest" time="0.295" classname="com.qa.tutorialsninja.tests.LoginPageTest"/>
  <testcase name="forgottenPasswordLinkTest" time="0.282" classname="com.qa.tutorialsninja.tests.LoginPageTest"/>
  <testcase name="doLoginTest" time="1.160" classname="com.qa.tutorialsninja.tests.LoginPageTest"/>
</testsuite> <!-- com.qa.tutorialsninja.tests.LoginPageTest -->
