<?xml version="1.0" encoding="UTF-8"?>
<!-- Generated by org.testng.reporters.JUnitReportReporter -->
<testsuite skipped="0" hostname="DESKTOP-3AP6MP4" name="com.qa.tutorialsninja.tests.ContactsPageTest" tests="1" failures="0" timestamp="17 Mar 2021 09:52:41 GMT" time="0.145" errors="0">
  <testcase name="YourStoreLinkTest" time="0.145" classname="com.qa.tutorialsninja.tests.ContactsPageTest"/>
</testsuite> <!-- com.qa.tutorialsninja.tests.ContactsPageTest -->
