<?xml version="1.0" encoding="UTF-8"?>
<!-- Generated by org.testng.reporters.JUnitReportReporter -->
<testsuite skipped="0" hostname="DESKTOP-3AP6MP4" name="com.qa.tutorialsninja.tests.RegistrationPageTest" tests="1" failures="0" timestamp="26 Oct 2021 13:25:09 GMT" time="0.010" errors="0">
  <testcase name="demoTest" time="0.010" classname="com.qa.tutorialsninja.tests.RegistrationPageTest"/>
</testsuite> <!-- com.qa.tutorialsninja.tests.RegistrationPageTest -->
