<?xml version="1.0" encoding="UTF-8"?>
<!-- Generated by org.testng.reporters.JUnitReportReporter -->
<testsuite skipped="0" hostname="DESKTOP-3AP6MP4" name="com.qa.tutorialsninja.tests.LoginPageTest" tests="3" failures="0" timestamp="28 Oct 2021 12:45:49 GMT" time="6.197" errors="0">
  <testcase name="getTitleTest" time="0.955" classname="com.qa.tutorialsninja.tests.LoginPageTest"/>
  <testcase name="forgottenPasswordLinkTest" time="0.530" classname="com.qa.tutorialsninja.tests.LoginPageTest"/>
  <testcase name="doLoginTest" time="4.712" classname="com.qa.tutorialsninja.tests.LoginPageTest"/>
</testsuite> <!-- com.qa.tutorialsninja.tests.LoginPageTest -->
